*** Using Compiler 'V5.05 update 1 (build 106)', folder: 'D:\Keil_v5\ARM\ARMCC\Bin'
Build target 'wheeled_leg_robot_f407'
compiling velocity_units.c...
compiling runtime_tune.c...
compiling chassis_config.c...
compiling chassis_kinematics.c...
assembling startup_stm32f407xx.s...
compiling chassis_odometry.c...
compiling motor_feedback.c...
compiling ClosedLoopControl.c...
compiling chassis_protocol.c...
compiling chassis_mode.c...
compiling usart.c...
compiling freertos.c...
compiling stm32f4xx_it.c...
compiling tim.c...
compiling stm32f4xx_hal_msp.c...
compiling stm32f4xx_hal_timebase_tim.c...
compiling stm32f4xx_hal_rcc_ex.c...
compiling stm32f4xx_hal_rcc.c...
compiling stm32f4xx_hal_tim_ex.c...
compiling stm32f4xx_hal_tim.c...
compiling motor_control.c...
compiling main.c...
compiling Motor.c...
compiling motor_driver.c...
compiling gpio.c...
compiling chassis_feedback.c...
compiling stm32f4xx_hal_flash_ex.c...
compiling stm32f4xx_hal_flash_ramfunc.c...
compiling stm32f4xx_hal_flash.c...
compiling stm32f4xx_hal_gpio.c...
compiling croutine.c...
compiling stm32f4xx_hal_pwr.c...
compiling stm32f4xx_hal_dma_ex.c...
compiling stm32f4xx_hal_pwr_ex.c...
compiling event_groups.c...
compiling stm32f4xx_hal_dma.c...
compiling stm32f4xx_hal_cortex.c...
compiling stm32f4xx_hal_exti.c...
compiling stm32f4xx_hal.c...
compiling list.c...
compiling stream_buffer.c...
compiling queue.c...
compiling timers.c...
compiling heap_4.c...
compiling tasks.c...
compiling port.c...
compiling system_stm32f4xx.c...
compiling stm32f4xx_hal_uart.c...
compiling cmsis_os2.c...
linking...
Program Size: Code=37508 RO-data=1772 RW-data=204 ZI-data=39356  
FromELF: creating hex file...
"wheeled_leg_robot_f407\wheeled_leg_robot_f407.axf" - 0 Error(s), 0 Warning(s).
Build Time Elapsed:  00:01:15
