*** Using Compiler 'V5.05 update 1 (build 106)', folder: 'D:\Keil_v5\ARM\ARMCC\Bin'
Build target 'wheeled_leg_robot_f407'
compiling chassis_kinematics.c...
compiling chassis_config.c...
compiling runtime_tune.c...
compiling usart.c...
compiling ClosedLoopControl.c...
compiling chassis_odometry.c...
compiling Motor.c...
compiling chassis_mode.c...
compiling chassis_feedback.c...
compiling motor_control.c...
compiling freertos.c...
compiling main.c...
compiling chassis_protocol.c...
linking...
Program Size: Code=37700 RO-data=1772 RW-data=212 ZI-data=39356  
FromELF: creating hex file...
"wheeled_leg_robot_f407\wheeled_leg_robot_f407.axf" - 0 Error(s), 0 Warning(s).
Build Time Elapsed:  00:00:11
